2025-04-16 21:26:23,882 - INFO - Fetching page 1 for tag [nlp]...
2025-04-16 21:26:25,131 - INFO - API quota remaining: 299
2025-04-16 21:26:25,132 - INFO - Sleeping for 2.58 seconds
2025-04-16 21:26:27,709 - INFO - Total posts fetched for tag [nlp]: 98
2025-04-16 21:26:27,709 - INFO - Waiting 8.79 seconds before fetching next tag
2025-04-16 21:26:36,597 - INFO - Fetching page 1 for tag [natural-language-processing]...
2025-04-16 21:26:37,235 - INFO - API quota remaining: 298
2025-04-16 21:26:37,238 - INFO - Sleeping for 1.68 seconds
2025-04-16 21:26:38,922 - INFO - Total posts fetched for tag [natural-language-processing]: 98
2025-04-16 21:26:38,922 - INFO - Waiting 9.80 seconds before fetching next tag
2025-04-16 21:26:48,746 - INFO - Fetching page 1 for tag [text-mining]...
2025-04-16 21:26:49,473 - INFO - API quota remaining: 297
2025-04-16 21:26:49,475 - INFO - Sleeping for 2.91 seconds
2025-04-16 21:26:52,382 - INFO - Fetching page 2 for tag [text-mining]...
2025-04-16 21:26:53,088 - INFO - API quota remaining: 296
2025-04-16 21:26:53,090 - INFO - Sleeping for 2.45 seconds
2025-04-16 21:26:55,544 - INFO - Fetching page 3 for tag [text-mining]...
2025-04-16 21:26:56,104 - INFO - API quota remaining: 295
2025-04-16 21:26:56,104 - INFO - Sleeping for 2.76 seconds
2025-04-16 21:26:58,873 - INFO - Fetching page 4 for tag [text-mining]...
2025-04-16 21:26:59,661 - INFO - API quota remaining: 294
2025-04-16 21:26:59,661 - INFO - Sleeping for 1.98 seconds
2025-04-16 21:27:01,641 - INFO - Fetching page 5 for tag [text-mining]...
2025-04-16 21:27:02,226 - INFO - API quota remaining: 293
2025-04-16 21:27:02,227 - INFO - Sleeping for 1.66 seconds
2025-04-16 21:27:03,888 - INFO - Fetching page 6 for tag [text-mining]...
2025-04-16 21:27:04,415 - INFO - API quota remaining: 292
2025-04-16 21:27:04,417 - INFO - Sleeping for 2.99 seconds
2025-04-16 21:27:07,408 - INFO - Fetching page 7 for tag [text-mining]...
2025-04-16 21:27:07,942 - INFO - API quota remaining: 291
2025-04-16 21:27:07,943 - INFO - Sleeping for 1.88 seconds
2025-04-16 21:27:09,823 - INFO - Fetching page 8 for tag [text-mining]...
2025-04-16 21:27:10,403 - INFO - API quota remaining: 290
2025-04-16 21:27:10,403 - INFO - Sleeping for 1.64 seconds
2025-04-16 21:27:12,052 - INFO - Fetching page 9 for tag [text-mining]...
2025-04-16 21:27:12,754 - INFO - API quota remaining: 289
2025-04-16 21:27:12,754 - INFO - Sleeping for 2.29 seconds
2025-04-16 21:27:15,050 - INFO - Fetching page 10 for tag [text-mining]...
2025-04-16 21:27:15,604 - INFO - API quota remaining: 288
2025-04-16 21:27:15,605 - INFO - Sleeping for 2.14 seconds
2025-04-16 21:27:17,742 - INFO - Fetching page 11 for tag [text-mining]...
2025-04-16 21:27:18,246 - INFO - API quota remaining: 287
2025-04-16 21:27:18,246 - INFO - Sleeping for 2.82 seconds
2025-04-16 21:27:21,069 - INFO - Fetching page 12 for tag [text-mining]...
2025-04-16 21:27:21,554 - INFO - API quota remaining: 286
2025-04-16 21:27:21,555 - INFO - Sleeping for 2.33 seconds
2025-04-16 21:27:23,890 - INFO - Fetching page 13 for tag [text-mining]...
2025-04-16 21:27:24,528 - INFO - API quota remaining: 285
2025-04-16 21:27:24,530 - INFO - Sleeping for 1.82 seconds
2025-04-16 21:27:26,354 - INFO - Fetching page 14 for tag [text-mining]...
2025-04-16 21:27:26,985 - INFO - API quota remaining: 284
2025-04-16 21:27:26,986 - INFO - Sleeping for 2.94 seconds
2025-04-16 21:27:29,926 - INFO - Fetching page 15 for tag [text-mining]...
2025-04-16 21:27:30,510 - INFO - API quota remaining: 283
2025-04-16 21:27:30,514 - INFO - Sleeping for 1.81 seconds
2025-04-16 21:27:32,327 - INFO - Fetching page 16 for tag [text-mining]...
2025-04-16 21:27:32,871 - INFO - API quota remaining: 282
2025-04-16 21:27:32,873 - INFO - Sleeping for 1.85 seconds
2025-04-16 21:27:34,731 - INFO - Fetching page 17 for tag [text-mining]...
2025-04-16 21:27:35,840 - INFO - API quota remaining: 281
2025-04-16 21:27:35,842 - INFO - Sleeping for 1.92 seconds
2025-04-16 21:27:37,763 - INFO - Fetching page 18 for tag [text-mining]...
2025-04-16 21:27:38,269 - INFO - API quota remaining: 280
2025-04-16 21:27:38,271 - INFO - Sleeping for 1.73 seconds
2025-04-16 21:27:40,000 - INFO - Fetching page 19 for tag [text-mining]...
2025-04-16 21:27:40,512 - INFO - API quota remaining: 279
2025-04-16 21:27:40,514 - INFO - Sleeping for 1.98 seconds
2025-04-16 21:27:42,491 - INFO - Fetching page 20 for tag [text-mining]...
2025-04-16 21:27:43,051 - INFO - API quota remaining: 278
2025-04-16 21:27:43,051 - INFO - Sleeping for 2.10 seconds
2025-04-16 21:27:45,156 - INFO - Total posts fetched for tag [text-mining]: 2000
2025-04-16 21:27:45,161 - INFO - Waiting 9.25 seconds before fetching next tag
2025-04-16 21:27:54,425 - INFO - Fetching page 1 for tag [word-embeddings]...
2025-04-16 21:27:54,729 - INFO - API quota remaining: 277
2025-04-16 21:27:54,732 - INFO - Sleeping for 2.61 seconds
2025-04-16 21:27:57,349 - INFO - Total posts fetched for tag [word-embeddings]: 0
2025-04-16 21:27:57,349 - INFO - Waiting 8.63 seconds before fetching next tag
2025-04-16 21:28:05,986 - INFO - Fetching page 1 for tag [tokenization]...
2025-04-16 21:28:06,832 - INFO - API quota remaining: 276
2025-04-16 21:28:06,832 - INFO - Sleeping for 1.61 seconds
2025-04-16 21:28:08,455 - INFO - Fetching page 2 for tag [tokenization]...
2025-04-16 21:28:09,234 - INFO - API quota remaining: 275
2025-04-16 21:28:09,234 - INFO - Sleeping for 1.57 seconds
2025-04-16 21:28:10,803 - INFO - Fetching page 3 for tag [tokenization]...
2025-04-16 21:28:12,372 - INFO - API quota remaining: 274
2025-04-16 21:28:12,372 - INFO - Sleeping for 2.16 seconds
2025-04-16 21:28:14,531 - INFO - Fetching page 4 for tag [tokenization]...
2025-04-16 21:28:15,175 - INFO - API quota remaining: 273
2025-04-16 21:28:15,175 - INFO - Sleeping for 1.53 seconds
2025-04-16 21:28:16,703 - INFO - Fetching page 5 for tag [tokenization]...
2025-04-16 21:28:17,299 - INFO - API quota remaining: 272
2025-04-16 21:28:17,301 - INFO - Sleeping for 1.67 seconds
2025-04-16 21:28:18,972 - INFO - Fetching page 6 for tag [tokenization]...
2025-04-16 21:28:19,618 - INFO - API quota remaining: 271
2025-04-16 21:28:19,618 - INFO - Sleeping for 2.34 seconds
2025-04-16 21:28:21,966 - INFO - Fetching page 7 for tag [tokenization]...
2025-04-16 21:28:22,539 - INFO - API quota remaining: 270
2025-04-16 21:28:22,541 - INFO - Sleeping for 1.75 seconds
2025-04-16 21:28:24,295 - INFO - Fetching page 8 for tag [tokenization]...
2025-04-16 21:28:24,808 - INFO - API quota remaining: 269
2025-04-16 21:28:24,808 - INFO - Sleeping for 2.39 seconds
2025-04-16 21:28:27,203 - INFO - Fetching page 9 for tag [tokenization]...
2025-04-16 21:28:27,689 - INFO - API quota remaining: 268
2025-04-16 21:28:27,691 - INFO - Sleeping for 2.72 seconds
2025-04-16 21:28:30,410 - INFO - Fetching page 10 for tag [tokenization]...
2025-04-16 21:28:30,998 - INFO - API quota remaining: 267
2025-04-16 21:28:30,998 - INFO - Sleeping for 2.06 seconds
2025-04-16 21:28:33,063 - INFO - Fetching page 11 for tag [tokenization]...
2025-04-16 21:28:33,647 - INFO - API quota remaining: 266
2025-04-16 21:28:33,649 - INFO - Sleeping for 2.80 seconds
2025-04-16 21:28:36,447 - INFO - Fetching page 12 for tag [tokenization]...
2025-04-16 21:28:37,038 - INFO - API quota remaining: 265
2025-04-16 21:28:37,038 - INFO - Sleeping for 2.96 seconds
2025-04-16 21:28:40,001 - INFO - Fetching page 13 for tag [tokenization]...
2025-04-16 21:28:41,097 - INFO - API quota remaining: 264
2025-04-16 21:28:41,098 - INFO - Sleeping for 2.90 seconds
2025-04-16 21:28:43,999 - INFO - Fetching page 14 for tag [tokenization]...
2025-04-16 21:28:44,552 - INFO - API quota remaining: 263
2025-04-16 21:28:44,553 - INFO - Sleeping for 2.62 seconds
2025-04-16 21:28:47,178 - INFO - Fetching page 15 for tag [tokenization]...
2025-04-16 21:28:47,667 - INFO - API quota remaining: 262
2025-04-16 21:28:47,668 - INFO - Sleeping for 2.75 seconds
2025-04-16 21:28:50,419 - INFO - Fetching page 16 for tag [tokenization]...
2025-04-16 21:28:50,910 - INFO - API quota remaining: 261
2025-04-16 21:28:50,913 - INFO - Sleeping for 2.37 seconds
2025-04-16 21:28:53,285 - INFO - Fetching page 17 for tag [tokenization]...
2025-04-16 21:28:53,822 - INFO - API quota remaining: 260
2025-04-16 21:28:53,823 - INFO - Sleeping for 2.78 seconds
2025-04-16 21:28:56,609 - INFO - Fetching page 18 for tag [tokenization]...
2025-04-16 21:28:57,250 - INFO - API quota remaining: 259
2025-04-16 21:28:57,251 - INFO - Sleeping for 2.64 seconds
2025-04-16 21:28:59,893 - INFO - Fetching page 19 for tag [tokenization]...
2025-04-16 21:29:00,502 - INFO - API quota remaining: 258
2025-04-16 21:29:00,503 - INFO - Sleeping for 2.56 seconds
2025-04-16 21:29:03,067 - INFO - Fetching page 20 for tag [tokenization]...
2025-04-16 21:29:03,605 - INFO - API quota remaining: 257
2025-04-16 21:29:03,607 - INFO - Sleeping for 2.71 seconds
2025-04-16 21:29:06,322 - INFO - Total posts fetched for tag [tokenization]: 2000
2025-04-16 21:29:06,324 - INFO - Waiting 6.51 seconds before fetching next tag
2025-04-16 21:29:12,838 - INFO - Fetching page 1 for tag [named-entity-recognition]...
2025-04-16 21:29:14,084 - INFO - API quota remaining: 256
2025-04-16 21:29:14,085 - INFO - Sleeping for 2.88 seconds
2025-04-16 21:29:16,965 - INFO - Fetching page 2 for tag [named-entity-recognition]...
2025-04-16 21:29:17,519 - INFO - API quota remaining: 255
2025-04-16 21:29:17,520 - INFO - Sleeping for 2.97 seconds
2025-04-16 21:29:20,497 - INFO - Fetching page 3 for tag [named-entity-recognition]...
2025-04-16 21:29:21,028 - INFO - API quota remaining: 254
2025-04-16 21:29:21,029 - INFO - Sleeping for 2.86 seconds
2025-04-16 21:29:23,899 - INFO - Fetching page 4 for tag [named-entity-recognition]...
2025-04-16 21:29:25,256 - INFO - API quota remaining: 253
2025-04-16 21:29:25,256 - INFO - Sleeping for 1.71 seconds
2025-04-16 21:29:26,972 - INFO - Fetching page 5 for tag [named-entity-recognition]...
2025-04-16 21:29:27,499 - INFO - API quota remaining: 252
2025-04-16 21:29:27,499 - INFO - Sleeping for 2.84 seconds
2025-04-16 21:29:30,347 - INFO - Fetching page 6 for tag [named-entity-recognition]...
2025-04-16 21:29:30,885 - INFO - API quota remaining: 251
2025-04-16 21:29:30,887 - INFO - Sleeping for 1.86 seconds
2025-04-16 21:29:32,750 - INFO - Fetching page 7 for tag [named-entity-recognition]...
2025-04-16 21:29:33,295 - INFO - API quota remaining: 250
2025-04-16 21:29:33,297 - INFO - Sleeping for 2.63 seconds
2025-04-16 21:29:35,930 - INFO - Fetching page 8 for tag [named-entity-recognition]...
2025-04-16 21:29:36,593 - INFO - API quota remaining: 249
2025-04-16 21:29:36,593 - INFO - Sleeping for 2.21 seconds
2025-04-16 21:29:38,814 - INFO - Fetching page 9 for tag [named-entity-recognition]...
2025-04-16 21:29:39,399 - INFO - API quota remaining: 248
2025-04-16 21:29:39,399 - INFO - Sleeping for 2.95 seconds
2025-04-16 21:29:42,349 - INFO - Fetching page 10 for tag [named-entity-recognition]...
2025-04-16 21:29:42,945 - INFO - API quota remaining: 247
2025-04-16 21:29:42,945 - INFO - Sleeping for 1.80 seconds
2025-04-16 21:29:44,748 - INFO - Fetching page 11 for tag [named-entity-recognition]...
2025-04-16 21:29:45,315 - INFO - API quota remaining: 246
2025-04-16 21:29:45,315 - INFO - Sleeping for 1.54 seconds
2025-04-16 21:29:46,859 - INFO - Fetching page 12 for tag [named-entity-recognition]...
2025-04-16 21:29:47,913 - INFO - API quota remaining: 245
2025-04-16 21:29:47,915 - INFO - Sleeping for 2.36 seconds
2025-04-16 21:29:50,273 - INFO - Fetching page 13 for tag [named-entity-recognition]...
2025-04-16 21:29:50,743 - INFO - API quota remaining: 244
2025-04-16 21:29:50,743 - INFO - Sleeping for 2.95 seconds
2025-04-16 21:29:53,694 - INFO - Fetching page 14 for tag [named-entity-recognition]...
2025-04-16 21:29:54,158 - INFO - API quota remaining: 243
2025-04-16 21:29:54,158 - INFO - Sleeping for 2.27 seconds
2025-04-16 21:29:56,437 - INFO - Fetching page 15 for tag [named-entity-recognition]...
2025-04-16 21:29:56,901 - INFO - API quota remaining: 242
2025-04-16 21:29:56,901 - INFO - Sleeping for 2.90 seconds
2025-04-16 21:29:59,801 - INFO - Total posts fetched for tag [named-entity-recognition]: 1472
2025-04-16 21:29:59,803 - INFO - Waiting 7.00 seconds before fetching next tag
2025-04-16 21:30:06,810 - INFO - Fetching page 1 for tag [text-classification]...
2025-04-16 21:30:08,109 - INFO - API quota remaining: 241
2025-04-16 21:30:08,109 - INFO - Sleeping for 2.98 seconds
2025-04-16 21:30:11,095 - INFO - Fetching page 2 for tag [text-classification]...
2025-04-16 21:30:12,293 - INFO - API quota remaining: 240
2025-04-16 21:30:12,293 - INFO - Sleeping for 1.54 seconds
2025-04-16 21:30:13,844 - INFO - Fetching page 3 for tag [text-classification]...
2025-04-16 21:30:14,364 - INFO - API quota remaining: 239
2025-04-16 21:30:14,364 - INFO - Sleeping for 2.72 seconds
2025-04-16 21:30:17,089 - INFO - Fetching page 4 for tag [text-classification]...
2025-04-16 21:30:18,158 - INFO - API quota remaining: 238
2025-04-16 21:30:18,160 - INFO - Sleeping for 2.01 seconds
2025-04-16 21:30:20,171 - INFO - Fetching page 5 for tag [text-classification]...
2025-04-16 21:30:20,763 - INFO - API quota remaining: 237
2025-04-16 21:30:20,765 - INFO - Sleeping for 1.77 seconds
2025-04-16 21:30:22,541 - INFO - Fetching page 6 for tag [text-classification]...
2025-04-16 21:30:23,053 - INFO - API quota remaining: 236
2025-04-16 21:30:23,056 - INFO - Sleeping for 2.78 seconds
2025-04-16 21:30:25,840 - INFO - Fetching page 7 for tag [text-classification]...
2025-04-16 21:30:26,412 - INFO - API quota remaining: 235
2025-04-16 21:30:26,413 - INFO - Sleeping for 1.50 seconds
2025-04-16 21:30:27,916 - INFO - Fetching page 8 for tag [text-classification]...
2025-04-16 21:30:28,379 - INFO - API quota remaining: 234
2025-04-16 21:30:28,380 - INFO - Sleeping for 1.78 seconds
2025-04-16 21:30:30,164 - INFO - Fetching page 9 for tag [text-classification]...
2025-04-16 21:30:30,690 - INFO - API quota remaining: 233
2025-04-16 21:30:30,690 - INFO - Sleeping for 1.95 seconds
2025-04-16 21:30:32,652 - INFO - Fetching page 10 for tag [text-classification]...
2025-04-16 21:30:33,207 - INFO - API quota remaining: 232
2025-04-16 21:30:33,208 - INFO - Sleeping for 1.69 seconds
2025-04-16 21:30:34,901 - INFO - Fetching page 11 for tag [text-classification]...
2025-04-16 21:30:35,725 - INFO - API quota remaining: 231
2025-04-16 21:30:35,726 - INFO - Sleeping for 1.83 seconds
2025-04-16 21:30:37,557 - INFO - Fetching page 12 for tag [text-classification]...
2025-04-16 21:30:38,023 - INFO - API quota remaining: 230
2025-04-16 21:30:38,023 - INFO - Sleeping for 2.17 seconds
2025-04-16 21:30:40,203 - INFO - Fetching page 13 for tag [text-classification]...
2025-04-16 21:30:40,846 - INFO - API quota remaining: 229
2025-04-16 21:30:40,847 - INFO - Sleeping for 2.85 seconds
2025-04-16 21:30:43,695 - INFO - Fetching page 14 for tag [text-classification]...
2025-04-16 21:30:44,193 - INFO - API quota remaining: 228
2025-04-16 21:30:44,193 - INFO - Sleeping for 2.46 seconds
2025-04-16 21:30:46,668 - INFO - Fetching page 15 for tag [text-classification]...
2025-04-16 21:30:47,163 - INFO - API quota remaining: 227
2025-04-16 21:30:47,166 - INFO - Sleeping for 2.48 seconds
2025-04-16 21:30:49,651 - INFO - Fetching page 16 for tag [text-classification]...
2025-04-16 21:30:50,184 - INFO - API quota remaining: 226
2025-04-16 21:30:50,186 - INFO - Sleeping for 2.07 seconds
2025-04-16 21:30:52,263 - INFO - Fetching page 17 for tag [text-classification]...
2025-04-16 21:30:52,731 - INFO - API quota remaining: 225
2025-04-16 21:30:52,733 - INFO - Sleeping for 2.20 seconds
2025-04-16 21:30:54,939 - INFO - Total posts fetched for tag [text-classification]: 1662
2025-04-16 21:30:54,942 - INFO - Waiting 6.92 seconds before fetching next tag
2025-04-16 21:31:01,859 - INFO - Fetching page 1 for tag [sentiment-analysis]...
2025-04-16 21:31:02,489 - INFO - API quota remaining: 224
2025-04-16 21:31:02,490 - INFO - Sleeping for 2.99 seconds
2025-04-16 21:31:05,490 - INFO - Fetching page 2 for tag [sentiment-analysis]...
2025-04-16 21:31:06,084 - INFO - API quota remaining: 223
2025-04-16 21:31:06,086 - INFO - Sleeping for 1.75 seconds
2025-04-16 21:31:07,841 - INFO - Fetching page 3 for tag [sentiment-analysis]...
2025-04-16 21:31:08,408 - INFO - API quota remaining: 222
2025-04-16 21:31:08,408 - INFO - Sleeping for 2.06 seconds
2025-04-16 21:31:10,471 - INFO - Fetching page 4 for tag [sentiment-analysis]...
2025-04-16 21:31:10,947 - INFO - API quota remaining: 221
2025-04-16 21:31:10,949 - INFO - Sleeping for 1.82 seconds
2025-04-16 21:31:12,767 - INFO - Fetching page 5 for tag [sentiment-analysis]...
2025-04-16 21:31:13,337 - INFO - API quota remaining: 220
2025-04-16 21:31:13,337 - INFO - Sleeping for 2.22 seconds
2025-04-16 21:31:15,570 - INFO - Fetching page 6 for tag [sentiment-analysis]...
2025-04-16 21:31:16,120 - INFO - API quota remaining: 219
2025-04-16 21:31:16,120 - INFO - Sleeping for 2.56 seconds
2025-04-16 21:31:18,686 - INFO - Fetching page 7 for tag [sentiment-analysis]...
2025-04-16 21:31:19,169 - INFO - API quota remaining: 218
2025-04-16 21:31:19,169 - INFO - Sleeping for 2.10 seconds
2025-04-16 21:31:21,269 - INFO - Fetching page 8 for tag [sentiment-analysis]...
2025-04-16 21:31:22,115 - INFO - API quota remaining: 217
2025-04-16 21:31:22,115 - INFO - Sleeping for 2.37 seconds
2025-04-16 21:31:24,483 - INFO - Fetching page 9 for tag [sentiment-analysis]...
2025-04-16 21:31:25,040 - INFO - API quota remaining: 216
2025-04-16 21:31:25,042 - INFO - Sleeping for 2.10 seconds
2025-04-16 21:31:27,139 - INFO - Fetching page 10 for tag [sentiment-analysis]...
2025-04-16 21:31:27,753 - INFO - API quota remaining: 215
2025-04-16 21:31:27,753 - INFO - Sleeping for 2.10 seconds
2025-04-16 21:31:29,864 - INFO - Fetching page 11 for tag [sentiment-analysis]...
2025-04-16 21:31:30,375 - INFO - API quota remaining: 214
2025-04-16 21:31:30,376 - INFO - Sleeping for 2.53 seconds
2025-04-16 21:31:32,904 - INFO - Fetching page 12 for tag [sentiment-analysis]...
2025-04-16 21:31:33,437 - INFO - API quota remaining: 213
2025-04-16 21:31:33,437 - INFO - Sleeping for 2.60 seconds
2025-04-16 21:31:36,047 - INFO - Fetching page 13 for tag [sentiment-analysis]...
2025-04-16 21:31:36,549 - INFO - API quota remaining: 212
2025-04-16 21:31:36,549 - INFO - Sleeping for 2.12 seconds
2025-04-16 21:31:38,676 - INFO - Fetching page 14 for tag [sentiment-analysis]...
2025-04-16 21:31:39,145 - INFO - API quota remaining: 211
2025-04-16 21:31:39,145 - INFO - Sleeping for 2.87 seconds
2025-04-16 21:31:42,022 - INFO - Fetching page 15 for tag [sentiment-analysis]...
2025-04-16 21:31:42,485 - INFO - API quota remaining: 210
2025-04-16 21:31:42,502 - INFO - Sleeping for 1.65 seconds
2025-04-16 21:31:44,154 - INFO - Fetching page 16 for tag [sentiment-analysis]...
2025-04-16 21:31:44,634 - INFO - API quota remaining: 209
2025-04-16 21:31:44,634 - INFO - Sleeping for 2.97 seconds
2025-04-16 21:31:47,612 - INFO - Fetching page 17 for tag [sentiment-analysis]...
2025-04-16 21:31:48,111 - INFO - API quota remaining: 208
2025-04-16 21:31:48,111 - INFO - Sleeping for 1.98 seconds
2025-04-16 21:31:50,095 - INFO - Fetching page 18 for tag [sentiment-analysis]...
2025-04-16 21:31:51,135 - INFO - API quota remaining: 207
2025-04-16 21:31:51,135 - INFO - Sleeping for 1.50 seconds
2025-04-16 21:31:52,648 - INFO - Fetching page 19 for tag [sentiment-analysis]...
2025-04-16 21:31:53,190 - INFO - API quota remaining: 206
2025-04-16 21:31:53,190 - INFO - Sleeping for 1.88 seconds
2025-04-16 21:31:55,072 - INFO - Fetching page 20 for tag [sentiment-analysis]...
2025-04-16 21:31:55,978 - INFO - API quota remaining: 205
2025-04-16 21:31:55,980 - INFO - Sleeping for 2.72 seconds
2025-04-16 21:31:58,700 - INFO - Total posts fetched for tag [sentiment-analysis]: 1984
2025-04-16 21:31:58,703 - INFO - Waiting 5.60 seconds before fetching next tag
2025-04-16 21:32:04,310 - INFO - Fetching page 1 for tag [bert]...
2025-04-16 21:32:04,917 - INFO - API quota remaining: 204
2025-04-16 21:32:04,918 - INFO - Sleeping for 1.98 seconds
2025-04-16 21:32:06,900 - INFO - Fetching page 2 for tag [bert]...
2025-04-16 21:32:07,416 - INFO - API quota remaining: 203
2025-04-16 21:32:07,416 - INFO - Sleeping for 2.12 seconds
2025-04-16 21:32:09,549 - INFO - Fetching page 3 for tag [bert]...
2025-04-16 21:32:10,659 - INFO - API quota remaining: 202
2025-04-16 21:32:10,659 - INFO - Sleeping for 2.67 seconds
2025-04-16 21:32:13,330 - INFO - Fetching page 4 for tag [bert]...
2025-04-16 21:32:13,843 - INFO - API quota remaining: 201
2025-04-16 21:32:13,845 - INFO - Sleeping for 1.64 seconds
2025-04-16 21:32:15,485 - INFO - Fetching page 5 for tag [bert]...
2025-04-16 21:32:16,006 - INFO - API quota remaining: 200
2025-04-16 21:32:16,006 - INFO - Sleeping for 2.41 seconds
2025-04-16 21:32:18,418 - INFO - Fetching page 6 for tag [bert]...
2025-04-16 21:32:19,500 - INFO - API quota remaining: 199
2025-04-16 21:32:19,501 - INFO - Sleeping for 2.97 seconds
2025-04-16 21:32:22,479 - INFO - Fetching page 7 for tag [bert]...
2025-04-16 21:32:22,995 - INFO - API quota remaining: 198
2025-04-16 21:32:22,995 - INFO - Sleeping for 2.57 seconds
2025-04-16 21:32:25,571 - INFO - Fetching page 8 for tag [bert]...
2025-04-16 21:32:26,827 - INFO - API quota remaining: 197
2025-04-16 21:32:26,829 - INFO - Sleeping for 1.68 seconds
2025-04-16 21:32:28,518 - INFO - Fetching page 9 for tag [bert]...
2025-04-16 21:32:28,982 - INFO - API quota remaining: 196
2025-04-16 21:32:28,982 - INFO - Sleeping for 2.85 seconds
2025-04-16 21:32:31,840 - INFO - Fetching page 10 for tag [bert]...
2025-04-16 21:32:32,282 - INFO - API quota remaining: 195
2025-04-16 21:32:32,282 - INFO - Sleeping for 2.56 seconds
2025-04-16 21:32:34,852 - INFO - Fetching page 11 for tag [bert]...
2025-04-16 21:32:35,414 - INFO - API quota remaining: 194
2025-04-16 21:32:35,416 - INFO - Sleeping for 1.69 seconds
2025-04-16 21:32:37,112 - INFO - Fetching page 12 for tag [bert]...
2025-04-16 21:32:37,632 - INFO - API quota remaining: 193
2025-04-16 21:32:37,632 - INFO - Sleeping for 1.72 seconds
2025-04-16 21:32:39,354 - INFO - Fetching page 13 for tag [bert]...
2025-04-16 21:32:39,868 - INFO - API quota remaining: 192
2025-04-16 21:32:39,870 - INFO - Sleeping for 2.99 seconds
2025-04-16 21:32:42,865 - INFO - Fetching page 14 for tag [bert]...
2025-04-16 21:32:43,348 - INFO - API quota remaining: 191
2025-04-16 21:32:43,351 - INFO - Sleeping for 2.08 seconds
2025-04-16 21:32:45,437 - INFO - Fetching page 15 for tag [bert]...
2025-04-16 21:32:46,651 - INFO - API quota remaining: 190
2025-04-16 21:32:46,653 - INFO - Sleeping for 1.51 seconds
2025-04-16 21:32:48,166 - INFO - Fetching page 16 for tag [bert]...
2025-04-16 21:32:48,687 - INFO - API quota remaining: 189
2025-04-16 21:32:48,689 - INFO - Sleeping for 1.59 seconds
2025-04-16 21:32:50,280 - INFO - Fetching page 17 for tag [bert]...
2025-04-16 21:32:51,130 - INFO - API quota remaining: 188
2025-04-16 21:32:51,130 - INFO - Sleeping for 2.19 seconds
2025-04-16 21:32:53,326 - INFO - Fetching page 18 for tag [bert]...
2025-04-16 21:32:53,747 - INFO - API quota remaining: 187
2025-04-16 21:32:53,747 - INFO - Sleeping for 2.41 seconds
2025-04-16 21:32:56,168 - INFO - Total posts fetched for tag [bert]: 1761
2025-04-16 21:32:56,170 - INFO - Waiting 6.30 seconds before fetching next tag
2025-04-16 21:33:02,473 - INFO - Fetching page 1 for tag [transformers]...
2025-04-16 21:33:02,781 - INFO - API quota remaining: 186
2025-04-16 21:33:02,781 - INFO - Sleeping for 1.66 seconds
2025-04-16 21:33:04,443 - INFO - Total posts fetched for tag [transformers]: 0
2025-04-16 21:33:04,446 - INFO - Waiting 5.47 seconds before fetching next tag
2025-04-16 21:33:09,923 - INFO - Fetching page 1 for tag [spacy]...
2025-04-16 21:33:10,763 - INFO - API quota remaining: 185
2025-04-16 21:33:10,763 - INFO - Sleeping for 1.56 seconds
2025-04-16 21:33:12,332 - INFO - Fetching page 2 for tag [spacy]...
2025-04-16 21:33:12,970 - INFO - API quota remaining: 184
2025-04-16 21:33:12,970 - INFO - Sleeping for 1.58 seconds
2025-04-16 21:33:14,548 - INFO - Fetching page 3 for tag [spacy]...
2025-04-16 21:33:16,152 - INFO - API quota remaining: 183
2025-04-16 21:33:16,153 - INFO - Sleeping for 2.99 seconds
2025-04-16 21:33:19,145 - INFO - Fetching page 4 for tag [spacy]...
2025-04-16 21:33:19,705 - INFO - API quota remaining: 182
2025-04-16 21:33:19,705 - INFO - Sleeping for 2.28 seconds
2025-04-16 21:33:21,992 - INFO - Fetching page 5 for tag [spacy]...
2025-04-16 21:33:22,566 - INFO - API quota remaining: 181
2025-04-16 21:33:22,566 - INFO - Sleeping for 2.74 seconds
2025-04-16 21:33:25,317 - INFO - Fetching page 6 for tag [spacy]...
2025-04-16 21:33:25,861 - INFO - API quota remaining: 180
2025-04-16 21:33:25,861 - INFO - Sleeping for 2.70 seconds
2025-04-16 21:33:28,563 - INFO - Fetching page 7 for tag [spacy]...
2025-04-16 21:33:29,152 - INFO - API quota remaining: 179
2025-04-16 21:33:29,152 - INFO - Sleeping for 2.12 seconds
2025-04-16 21:33:31,271 - INFO - Fetching page 8 for tag [spacy]...
2025-04-16 21:33:31,904 - INFO - API quota remaining: 178
2025-04-16 21:33:31,904 - INFO - Sleeping for 1.84 seconds
2025-04-16 21:33:33,744 - INFO - Fetching page 9 for tag [spacy]...
2025-04-16 21:33:35,257 - INFO - API quota remaining: 177
2025-04-16 21:33:35,261 - INFO - Sleeping for 2.51 seconds
2025-04-16 21:33:37,772 - INFO - Fetching page 10 for tag [spacy]...
2025-04-16 21:33:38,260 - INFO - API quota remaining: 176
2025-04-16 21:33:38,260 - INFO - Sleeping for 1.59 seconds
2025-04-16 21:33:39,863 - INFO - Fetching page 11 for tag [spacy]...
2025-04-16 21:33:40,388 - INFO - API quota remaining: 175
2025-04-16 21:33:40,390 - INFO - Sleeping for 2.20 seconds
2025-04-16 21:33:42,591 - INFO - Fetching page 12 for tag [spacy]...
2025-04-16 21:33:43,098 - INFO - API quota remaining: 174
2025-04-16 21:33:43,098 - INFO - Sleeping for 2.75 seconds
2025-04-16 21:33:45,856 - INFO - Fetching page 13 for tag [spacy]...
2025-04-16 21:33:46,351 - INFO - API quota remaining: 173
2025-04-16 21:33:46,351 - INFO - Sleeping for 2.54 seconds
2025-04-16 21:33:48,898 - INFO - Fetching page 14 for tag [spacy]...
2025-04-16 21:33:49,423 - INFO - API quota remaining: 172
2025-04-16 21:33:49,423 - INFO - Sleeping for 1.58 seconds
2025-04-16 21:33:51,006 - INFO - Fetching page 15 for tag [spacy]...
2025-04-16 21:33:51,493 - INFO - API quota remaining: 171
2025-04-16 21:33:51,509 - INFO - Sleeping for 2.46 seconds
2025-04-16 21:33:53,972 - INFO - Fetching page 16 for tag [spacy]...
2025-04-16 21:33:54,476 - INFO - API quota remaining: 170
2025-04-16 21:33:54,476 - INFO - Sleeping for 1.66 seconds
2025-04-16 21:33:56,160 - INFO - Fetching page 17 for tag [spacy]...
2025-04-16 21:33:56,659 - INFO - API quota remaining: 169
2025-04-16 21:33:56,659 - INFO - Sleeping for 2.96 seconds
2025-04-16 21:33:59,628 - INFO - Fetching page 18 for tag [spacy]...
2025-04-16 21:34:00,153 - INFO - API quota remaining: 168
2025-04-16 21:34:00,153 - INFO - Sleeping for 1.91 seconds
2025-04-16 21:34:02,061 - INFO - Fetching page 19 for tag [spacy]...
2025-04-16 21:34:02,583 - INFO - API quota remaining: 167
2025-04-16 21:34:02,585 - INFO - Sleeping for 2.61 seconds
2025-04-16 21:34:05,196 - INFO - Fetching page 20 for tag [spacy]...
2025-04-16 21:34:05,659 - INFO - API quota remaining: 166
2025-04-16 21:34:05,659 - INFO - Sleeping for 2.12 seconds
2025-04-16 21:34:07,788 - INFO - Total posts fetched for tag [spacy]: 2000
2025-04-16 21:34:07,795 - INFO - Waiting 8.58 seconds before fetching next tag
2025-04-16 21:34:16,379 - INFO - Fetching page 1 for tag [gensim]...
2025-04-16 21:34:17,136 - INFO - API quota remaining: 165
2025-04-16 21:34:17,136 - INFO - Sleeping for 2.75 seconds
2025-04-16 21:34:19,888 - INFO - Fetching page 2 for tag [gensim]...
2025-04-16 21:34:20,514 - INFO - API quota remaining: 164
2025-04-16 21:34:20,515 - INFO - Sleeping for 2.21 seconds
2025-04-16 21:34:22,728 - INFO - Fetching page 3 for tag [gensim]...
2025-04-16 21:34:23,295 - INFO - API quota remaining: 163
2025-04-16 21:34:23,297 - INFO - Sleeping for 2.31 seconds
2025-04-16 21:34:25,612 - INFO - Fetching page 4 for tag [gensim]...
2025-04-16 21:34:26,134 - INFO - API quota remaining: 162
2025-04-16 21:34:26,136 - INFO - Sleeping for 2.63 seconds
2025-04-16 21:34:28,765 - INFO - Fetching page 5 for tag [gensim]...
2025-04-16 21:34:29,291 - INFO - API quota remaining: 161
2025-04-16 21:34:29,291 - INFO - Sleeping for 2.53 seconds
2025-04-16 21:34:31,827 - INFO - Fetching page 6 for tag [gensim]...
2025-04-16 21:34:32,443 - INFO - API quota remaining: 160
2025-04-16 21:34:32,445 - INFO - Sleeping for 2.77 seconds
2025-04-16 21:34:35,212 - INFO - Fetching page 7 for tag [gensim]...
2025-04-16 21:34:35,794 - INFO - API quota remaining: 159
2025-04-16 21:34:35,796 - INFO - Sleeping for 1.90 seconds
2025-04-16 21:34:37,697 - INFO - Fetching page 8 for tag [gensim]...
2025-04-16 21:34:38,156 - INFO - API quota remaining: 158
2025-04-16 21:34:38,156 - INFO - Sleeping for 3.00 seconds
2025-04-16 21:34:41,168 - INFO - Fetching page 9 for tag [gensim]...
2025-04-16 21:34:41,713 - INFO - API quota remaining: 157
2025-04-16 21:34:41,715 - INFO - Sleeping for 1.66 seconds
2025-04-16 21:34:43,374 - INFO - Fetching page 10 for tag [gensim]...
2025-04-16 21:34:43,949 - INFO - API quota remaining: 156
2025-04-16 21:34:43,950 - INFO - Sleeping for 2.47 seconds
2025-04-16 21:34:46,423 - INFO - Fetching page 11 for tag [gensim]...
2025-04-16 21:34:46,972 - INFO - API quota remaining: 155
2025-04-16 21:34:46,972 - INFO - Sleeping for 2.51 seconds
2025-04-16 21:34:49,496 - INFO - Fetching page 12 for tag [gensim]...
2025-04-16 21:34:50,046 - INFO - API quota remaining: 154
2025-04-16 21:34:50,046 - INFO - Sleeping for 1.53 seconds
2025-04-16 21:34:51,574 - INFO - Fetching page 13 for tag [gensim]...
2025-04-16 21:34:52,076 - INFO - API quota remaining: 153
2025-04-16 21:34:52,078 - INFO - Sleeping for 3.00 seconds
2025-04-16 21:34:55,077 - INFO - Fetching page 14 for tag [gensim]...
2025-04-16 21:34:55,523 - INFO - API quota remaining: 152
2025-04-16 21:34:55,523 - INFO - Sleeping for 2.35 seconds
2025-04-16 21:34:57,875 - INFO - Fetching page 15 for tag [gensim]...
2025-04-16 21:34:58,998 - INFO - API quota remaining: 151
2025-04-16 21:34:58,998 - INFO - Sleeping for 2.68 seconds
2025-04-16 21:35:01,684 - INFO - Fetching page 16 for tag [gensim]...
2025-04-16 21:35:02,311 - INFO - API quota remaining: 150
2025-04-16 21:35:02,312 - INFO - Sleeping for 2.80 seconds
2025-04-16 21:35:05,112 - INFO - Fetching page 17 for tag [gensim]...
2025-04-16 21:35:05,640 - INFO - API quota remaining: 149
2025-04-16 21:35:05,640 - INFO - Sleeping for 1.70 seconds
2025-04-16 21:35:07,344 - INFO - Fetching page 18 for tag [gensim]...
2025-04-16 21:35:07,893 - INFO - API quota remaining: 148
2025-04-16 21:35:07,895 - INFO - Sleeping for 1.72 seconds
2025-04-16 21:35:09,613 - INFO - Fetching page 19 for tag [gensim]...
2025-04-16 21:35:10,127 - INFO - API quota remaining: 147
2025-04-16 21:35:10,129 - INFO - Sleeping for 1.59 seconds
2025-04-16 21:35:11,721 - INFO - Fetching page 20 for tag [gensim]...
2025-04-16 21:35:12,255 - INFO - API quota remaining: 146
2025-04-16 21:35:12,255 - INFO - Sleeping for 2.79 seconds
2025-04-16 21:35:15,054 - INFO - Total posts fetched for tag [gensim]: 2000
2025-04-16 21:35:15,059 - INFO - Waiting 8.43 seconds before fetching next tag
2025-04-16 21:35:23,494 - INFO - Fetching page 1 for tag [word2vec]...
2025-04-16 21:35:24,106 - INFO - API quota remaining: 145
2025-04-16 21:35:24,106 - INFO - Sleeping for 2.88 seconds
2025-04-16 21:35:26,991 - INFO - Fetching page 2 for tag [word2vec]...
2025-04-16 21:35:27,500 - INFO - API quota remaining: 144
2025-04-16 21:35:27,502 - INFO - Sleeping for 2.26 seconds
2025-04-16 21:35:29,767 - INFO - Fetching page 3 for tag [word2vec]...
2025-04-16 21:35:30,294 - INFO - API quota remaining: 143
2025-04-16 21:35:30,294 - INFO - Sleeping for 2.55 seconds
2025-04-16 21:35:32,853 - INFO - Fetching page 4 for tag [word2vec]...
2025-04-16 21:35:33,328 - INFO - API quota remaining: 142
2025-04-16 21:35:33,330 - INFO - Sleeping for 1.98 seconds
2025-04-16 21:35:35,310 - INFO - Fetching page 5 for tag [word2vec]...
2025-04-16 21:35:35,770 - INFO - API quota remaining: 141
2025-04-16 21:35:35,770 - INFO - Sleeping for 2.64 seconds
2025-04-16 21:35:38,411 - INFO - Fetching page 6 for tag [word2vec]...
2025-04-16 21:35:39,490 - INFO - API quota remaining: 140
2025-04-16 21:35:39,490 - INFO - Sleeping for 1.72 seconds
2025-04-16 21:35:41,216 - INFO - Fetching page 7 for tag [word2vec]...
2025-04-16 21:35:41,652 - INFO - API quota remaining: 139
2025-04-16 21:35:41,652 - INFO - Sleeping for 1.92 seconds
2025-04-16 21:35:43,587 - INFO - Fetching page 8 for tag [word2vec]...
2025-04-16 21:35:44,064 - INFO - API quota remaining: 138
2025-04-16 21:35:44,064 - INFO - Sleeping for 1.50 seconds
2025-04-16 21:35:45,569 - INFO - Fetching page 9 for tag [word2vec]...
2025-04-16 21:35:46,041 - INFO - API quota remaining: 137
2025-04-16 21:35:46,044 - INFO - Sleeping for 1.85 seconds
2025-04-16 21:35:47,903 - INFO - Fetching page 10 for tag [word2vec]...
2025-04-16 21:35:48,368 - INFO - API quota remaining: 136
2025-04-16 21:35:48,382 - INFO - Sleeping for 1.54 seconds
2025-04-16 21:35:49,921 - INFO - Fetching page 11 for tag [word2vec]...
2025-04-16 21:35:50,369 - INFO - API quota remaining: 135
2025-04-16 21:35:50,369 - INFO - Sleeping for 1.70 seconds
2025-04-16 21:35:52,071 - INFO - Fetching page 12 for tag [word2vec]...
2025-04-16 21:35:52,541 - INFO - API quota remaining: 134
2025-04-16 21:35:52,541 - INFO - Sleeping for 2.24 seconds
2025-04-16 21:35:54,785 - INFO - Fetching page 13 for tag [word2vec]...
2025-04-16 21:35:55,263 - INFO - API quota remaining: 133
2025-04-16 21:35:55,263 - INFO - Sleeping for 2.71 seconds
2025-04-16 21:35:57,978 - INFO - Fetching page 14 for tag [word2vec]...
2025-04-16 21:35:58,465 - INFO - API quota remaining: 132
2025-04-16 21:35:58,468 - INFO - Sleeping for 1.86 seconds
2025-04-16 21:36:00,335 - INFO - Fetching page 15 for tag [word2vec]...
2025-04-16 21:36:01,385 - INFO - API quota remaining: 131
2025-04-16 21:36:01,385 - INFO - Sleeping for 2.95 seconds
2025-04-16 21:36:04,342 - INFO - Fetching page 16 for tag [word2vec]...
2025-04-16 21:36:04,839 - INFO - API quota remaining: 130
2025-04-16 21:36:04,839 - INFO - Sleeping for 1.90 seconds
2025-04-16 21:36:06,737 - INFO - Fetching page 17 for tag [word2vec]...
2025-04-16 21:36:07,205 - INFO - API quota remaining: 129
2025-04-16 21:36:07,205 - INFO - Sleeping for 2.04 seconds
2025-04-16 21:36:09,254 - INFO - Fetching page 18 for tag [word2vec]...
2025-04-16 21:36:09,784 - INFO - API quota remaining: 128
2025-04-16 21:36:09,786 - INFO - Sleeping for 1.97 seconds
2025-04-16 21:36:11,756 - INFO - Fetching page 19 for tag [word2vec]...
2025-04-16 21:36:12,272 - INFO - API quota remaining: 127
2025-04-16 21:36:12,272 - INFO - Sleeping for 2.61 seconds
2025-04-16 21:36:14,888 - INFO - Fetching page 20 for tag [word2vec]...
2025-04-16 21:36:15,516 - INFO - API quota remaining: 126
2025-04-16 21:36:15,516 - INFO - Sleeping for 2.36 seconds
2025-04-16 21:36:17,891 - INFO - Total posts fetched for tag [word2vec]: 2000
2025-04-16 21:36:17,895 - INFO - Waiting 8.49 seconds before fetching next tag
2025-04-16 21:36:26,391 - INFO - Fetching page 1 for tag [huggingface]...
2025-04-16 21:36:27,004 - INFO - API quota remaining: 125
2025-04-16 21:36:27,004 - INFO - Sleeping for 2.87 seconds
2025-04-16 21:36:29,877 - INFO - Fetching page 2 for tag [huggingface]...
2025-04-16 21:36:30,415 - INFO - API quota remaining: 124
2025-04-16 21:36:30,432 - INFO - Sleeping for 2.31 seconds
2025-04-16 21:36:32,749 - INFO - Fetching page 3 for tag [huggingface]...
2025-04-16 21:36:33,275 - INFO - API quota remaining: 123
2025-04-16 21:36:33,277 - INFO - Sleeping for 2.36 seconds
2025-04-16 21:36:35,639 - INFO - Fetching page 4 for tag [huggingface]...
2025-04-16 21:36:36,145 - INFO - API quota remaining: 122
2025-04-16 21:36:36,145 - INFO - Sleeping for 1.85 seconds
2025-04-16 21:36:38,002 - INFO - Fetching page 5 for tag [huggingface]...
2025-04-16 21:36:38,448 - INFO - API quota remaining: 121
2025-04-16 21:36:38,448 - INFO - Sleeping for 2.67 seconds
2025-04-16 21:36:41,133 - INFO - Fetching page 6 for tag [huggingface]...
2025-04-16 21:36:41,771 - INFO - API quota remaining: 120
2025-04-16 21:36:41,773 - INFO - Sleeping for 1.69 seconds
2025-04-16 21:36:43,464 - INFO - Fetching page 7 for tag [huggingface]...
2025-04-16 21:36:43,984 - INFO - API quota remaining: 119
2025-04-16 21:36:43,984 - INFO - Sleeping for 2.39 seconds
2025-04-16 21:36:46,383 - INFO - Fetching page 8 for tag [huggingface]...
2025-04-16 21:36:46,847 - INFO - API quota remaining: 118
2025-04-16 21:36:46,847 - INFO - Sleeping for 1.85 seconds
2025-04-16 21:36:48,718 - INFO - Fetching page 9 for tag [huggingface]...
2025-04-16 21:36:49,228 - INFO - API quota remaining: 117
2025-04-16 21:36:49,231 - INFO - Sleeping for 1.60 seconds
2025-04-16 21:36:50,835 - INFO - Fetching page 10 for tag [huggingface]...
2025-04-16 21:36:51,321 - INFO - API quota remaining: 116
2025-04-16 21:36:51,321 - INFO - Sleeping for 1.96 seconds
2025-04-16 21:36:53,287 - INFO - Total posts fetched for tag [huggingface]: 994
2025-04-16 21:36:53,292 - INFO - Waiting 5.77 seconds before fetching next tag
2025-04-16 21:36:59,068 - INFO - Fetching page 1 for tag [language-model]...
2025-04-16 21:36:59,615 - INFO - API quota remaining: 115
2025-04-16 21:36:59,615 - INFO - Sleeping for 2.38 seconds
2025-04-16 21:37:02,004 - INFO - Fetching page 2 for tag [language-model]...
2025-04-16 21:37:02,513 - INFO - API quota remaining: 114
2025-04-16 21:37:02,513 - INFO - Sleeping for 1.67 seconds
2025-04-16 21:37:04,184 - INFO - Fetching page 3 for tag [language-model]...
2025-04-16 21:37:04,601 - INFO - API quota remaining: 113
2025-04-16 21:37:04,603 - INFO - Sleeping for 2.40 seconds
2025-04-16 21:37:07,004 - INFO - Total posts fetched for tag [language-model]: 258
2025-04-16 21:37:07,004 - INFO - Waiting 6.32 seconds before fetching next tag
2025-04-16 21:37:13,326 - INFO - Fetching page 1 for tag [text-processing]...
2025-04-16 21:37:14,152 - INFO - API quota remaining: 112
2025-04-16 21:37:14,154 - INFO - Sleeping for 2.00 seconds
2025-04-16 21:37:16,158 - INFO - Fetching page 2 for tag [text-processing]...
2025-04-16 21:37:16,959 - INFO - API quota remaining: 111
2025-04-16 21:37:16,959 - INFO - Sleeping for 2.63 seconds
2025-04-16 21:37:19,596 - INFO - Fetching page 3 for tag [text-processing]...
2025-04-16 21:37:20,183 - INFO - API quota remaining: 110
2025-04-16 21:37:20,183 - INFO - Sleeping for 2.10 seconds
2025-04-16 21:37:22,287 - INFO - Fetching page 4 for tag [text-processing]...
2025-04-16 21:37:22,972 - INFO - API quota remaining: 109
2025-04-16 21:37:22,974 - INFO - Sleeping for 1.99 seconds
2025-04-16 21:37:24,968 - INFO - Fetching page 5 for tag [text-processing]...
2025-04-16 21:37:25,538 - INFO - API quota remaining: 108
2025-04-16 21:37:25,538 - INFO - Sleeping for 2.30 seconds
2025-04-16 21:37:27,845 - INFO - Fetching page 6 for tag [text-processing]...
2025-04-16 21:37:28,451 - INFO - API quota remaining: 107
2025-04-16 21:37:28,453 - INFO - Sleeping for 1.95 seconds
2025-04-16 21:37:30,400 - INFO - Fetching page 7 for tag [text-processing]...
2025-04-16 21:37:31,029 - INFO - API quota remaining: 106
2025-04-16 21:37:31,029 - INFO - Sleeping for 2.73 seconds
2025-04-16 21:37:33,757 - INFO - Fetching page 8 for tag [text-processing]...
2025-04-16 21:37:34,984 - INFO - API quota remaining: 105
2025-04-16 21:37:34,984 - INFO - Sleeping for 2.96 seconds
2025-04-16 21:37:37,948 - INFO - Fetching page 9 for tag [text-processing]...
2025-04-16 21:37:38,519 - INFO - API quota remaining: 104
2025-04-16 21:37:38,523 - INFO - Sleeping for 1.52 seconds
2025-04-16 21:37:40,049 - INFO - Fetching page 10 for tag [text-processing]...
2025-04-16 21:37:40,561 - INFO - API quota remaining: 103
2025-04-16 21:37:40,562 - INFO - Sleeping for 2.36 seconds
2025-04-16 21:37:42,929 - INFO - Fetching page 11 for tag [text-processing]...
2025-04-16 21:37:43,530 - INFO - API quota remaining: 102
2025-04-16 21:37:43,530 - INFO - Sleeping for 1.80 seconds
2025-04-16 21:37:45,340 - INFO - Fetching page 12 for tag [text-processing]...
2025-04-16 21:37:45,936 - INFO - API quota remaining: 101
2025-04-16 21:37:45,937 - INFO - Sleeping for 2.57 seconds
2025-04-16 21:37:48,515 - INFO - Fetching page 13 for tag [text-processing]...
2025-04-16 21:37:49,131 - INFO - API quota remaining: 100
2025-04-16 21:37:49,131 - INFO - Sleeping for 1.79 seconds
2025-04-16 21:37:50,922 - INFO - Fetching page 14 for tag [text-processing]...
2025-04-16 21:37:51,464 - INFO - API quota remaining: 99
2025-04-16 21:37:51,615 - INFO - Sleeping for 2.02 seconds
2025-04-16 21:37:53,635 - INFO - Fetching page 15 for tag [text-processing]...
2025-04-16 21:37:54,149 - INFO - API quota remaining: 98
2025-04-16 21:37:54,151 - INFO - Sleeping for 2.24 seconds
2025-04-16 21:37:56,395 - INFO - Fetching page 16 for tag [text-processing]...
2025-04-16 21:37:56,894 - INFO - API quota remaining: 97
2025-04-16 21:37:56,894 - INFO - Sleeping for 2.00 seconds
2025-04-16 21:37:58,898 - INFO - Fetching page 17 for tag [text-processing]...
2025-04-16 21:37:59,430 - INFO - API quota remaining: 96
2025-04-16 21:37:59,435 - INFO - Sleeping for 2.20 seconds
2025-04-16 21:38:01,637 - INFO - Fetching page 18 for tag [text-processing]...
2025-04-16 21:38:02,209 - INFO - API quota remaining: 95
2025-04-16 21:38:02,210 - INFO - Sleeping for 1.97 seconds
2025-04-16 21:38:04,179 - INFO - Fetching page 19 for tag [text-processing]...
2025-04-16 21:38:04,912 - INFO - API quota remaining: 94
2025-04-16 21:38:04,915 - INFO - Sleeping for 2.44 seconds
2025-04-16 21:38:07,356 - INFO - Fetching page 20 for tag [text-processing]...
2025-04-16 21:38:07,876 - INFO - API quota remaining: 93
2025-04-16 21:38:07,876 - INFO - Sleeping for 2.43 seconds
2025-04-16 21:38:10,311 - INFO - Total posts fetched for tag [text-processing]: 1989
2025-04-16 21:38:10,315 - INFO - Waiting 7.96 seconds before fetching next tag
2025-04-16 21:38:18,277 - INFO - Fetching page 1 for tag [nltk]...
2025-04-16 21:38:19,225 - INFO - API quota remaining: 92
2025-04-16 21:38:19,227 - INFO - Sleeping for 2.21 seconds
2025-04-16 21:38:21,436 - INFO - Fetching page 2 for tag [nltk]...
2025-04-16 21:38:22,158 - INFO - API quota remaining: 91
2025-04-16 21:38:22,158 - INFO - Sleeping for 1.74 seconds
2025-04-16 21:38:23,913 - INFO - Fetching page 3 for tag [nltk]...
2025-04-16 21:38:24,535 - INFO - API quota remaining: 90
2025-04-16 21:38:24,535 - INFO - Sleeping for 2.86 seconds
2025-04-16 21:38:27,398 - INFO - Fetching page 4 for tag [nltk]...
2025-04-16 21:38:28,022 - INFO - API quota remaining: 89
2025-04-16 21:38:28,025 - INFO - Sleeping for 2.04 seconds
2025-04-16 21:38:30,068 - INFO - Fetching page 5 for tag [nltk]...
2025-04-16 21:38:30,654 - INFO - API quota remaining: 88
2025-04-16 21:38:30,654 - INFO - Sleeping for 2.47 seconds
2025-04-16 21:38:33,131 - INFO - Fetching page 6 for tag [nltk]...
2025-04-16 21:38:33,767 - INFO - API quota remaining: 87
2025-04-16 21:38:33,767 - INFO - Sleeping for 2.70 seconds
2025-04-16 21:38:36,473 - INFO - Fetching page 7 for tag [nltk]...
2025-04-16 21:38:37,127 - INFO - API quota remaining: 86
2025-04-16 21:38:37,128 - INFO - Sleeping for 2.02 seconds
2025-04-16 21:38:39,149 - INFO - Fetching page 8 for tag [nltk]...
2025-04-16 21:38:39,693 - INFO - API quota remaining: 85
2025-04-16 21:38:39,693 - INFO - Sleeping for 2.16 seconds
2025-04-16 21:38:41,854 - INFO - Fetching page 9 for tag [nltk]...
2025-04-16 21:38:42,424 - INFO - API quota remaining: 84
2025-04-16 21:38:42,424 - INFO - Sleeping for 1.72 seconds
2025-04-16 21:38:44,156 - INFO - Fetching page 10 for tag [nltk]...
2025-04-16 21:38:44,757 - INFO - API quota remaining: 83
2025-04-16 21:38:44,771 - INFO - Sleeping for 1.73 seconds
2025-04-16 21:38:46,505 - INFO - Fetching page 11 for tag [nltk]...
2025-04-16 21:38:47,659 - INFO - API quota remaining: 82
2025-04-16 21:38:47,659 - INFO - Sleeping for 2.87 seconds
2025-04-16 21:38:50,535 - INFO - Fetching page 12 for tag [nltk]...
2025-04-16 21:38:51,101 - INFO - API quota remaining: 81
2025-04-16 21:38:51,103 - INFO - Sleeping for 2.24 seconds
2025-04-16 21:38:53,345 - INFO - Fetching page 13 for tag [nltk]...
2025-04-16 21:38:53,880 - INFO - API quota remaining: 80
2025-04-16 21:38:53,880 - INFO - Sleeping for 1.52 seconds
2025-04-16 21:38:55,400 - INFO - Fetching page 14 for tag [nltk]...
2025-04-16 21:38:56,045 - INFO - API quota remaining: 79
2025-04-16 21:38:56,047 - INFO - Sleeping for 2.77 seconds
2025-04-16 21:38:58,819 - INFO - Fetching page 15 for tag [nltk]...
2025-04-16 21:38:59,373 - INFO - API quota remaining: 78
2025-04-16 21:38:59,374 - INFO - Sleeping for 2.37 seconds
2025-04-16 21:39:01,750 - INFO - Fetching page 16 for tag [nltk]...
2025-04-16 21:39:02,335 - INFO - API quota remaining: 77
2025-04-16 21:39:02,335 - INFO - Sleeping for 1.52 seconds
2025-04-16 21:39:03,860 - INFO - Fetching page 17 for tag [nltk]...
2025-04-16 21:39:04,443 - INFO - API quota remaining: 76
2025-04-16 21:39:04,445 - INFO - Sleeping for 2.47 seconds
2025-04-16 21:39:06,921 - INFO - Fetching page 18 for tag [nltk]...
2025-04-16 21:39:07,463 - INFO - API quota remaining: 75
2025-04-16 21:39:07,464 - INFO - Sleeping for 2.20 seconds
2025-04-16 21:39:09,663 - INFO - Fetching page 19 for tag [nltk]...
2025-04-16 21:39:10,239 - INFO - API quota remaining: 74
2025-04-16 21:39:10,239 - INFO - Sleeping for 1.89 seconds
2025-04-16 21:39:12,140 - INFO - Fetching page 20 for tag [nltk]...
2025-04-16 21:39:12,666 - INFO - API quota remaining: 73
2025-04-16 21:39:12,668 - INFO - Sleeping for 2.98 seconds
2025-04-16 21:39:15,645 - INFO - Total posts fetched for tag [nltk]: 2000
2025-04-16 21:39:15,650 - INFO - Total unique posts fetched across all tags: 20009
2025-04-16 21:39:23,150 - INFO - Saved raw posts to backup file
2025-04-16 21:54:29,576 - INFO - Using categorical units to plot a list of strings that are all parsable as floats or dates. If these strings should be plotted as numbers, cast to the appropriate data type before plotting.
2025-04-16 21:54:29,625 - INFO - Using categorical units to plot a list of strings that are all parsable as floats or dates. If these strings should be plotted as numbers, cast to the appropriate data type before plotting.
